c:\users\ankasani\source\repos\sampleclrcomp\sampleclrcomp\x64\debug\sampleclrcomp.pch
c:\users\ankasani\source\repos\sampleclrcomp\sampleclrcomp\x64\debug\vc143.pdb
c:\users\ankasani\source\repos\sampleclrcomp\sampleclrcomp\x64\debug\pch.obj
c:\users\ankasani\source\repos\sampleclrcomp\sampleclrcomp\x64\debug\sampleclrcomp.obj
c:\users\ankasani\source\repos\sampleclrcomp\sampleclrcomp\x64\debug\assemblyinfo.obj
c:\users\ankasani\source\repos\sampleclrcomp\sampleclrcomp\x64\debug\.netcoreapp,version=v9.0.assemblyattributes.obj
c:\users\ankasani\source\repos\sampleclrcomp\x64\debug\wpfnetcore.dll
c:\users\ankasani\source\repos\sampleclrcomp\x64\debug\wpfnetcore.deps.json
c:\users\ankasani\source\repos\sampleclrcomp\x64\debug\sampleclrcomp.dll
c:\users\ankasani\source\repos\sampleclrcomp\x64\debug\sampleclrcomp.pdb
c:\users\ankasani\source\repos\sampleclrcomp\sampleclrcomp\x64\debug\app.res
c:\users\ankasani\source\repos\sampleclrcomp\sampleclrcomp\x64\debug\sampleclrcomp.assets.cache
c:\users\ankasani\source\repos\sampleclrcomp\sampleclrcomp\x64\debug\sampleclrcomp.tlog\cl.command.1.tlog
c:\users\ankasani\source\repos\sampleclrcomp\sampleclrcomp\x64\debug\sampleclrcomp.tlog\cl.items.tlog
c:\users\ankasani\source\repos\sampleclrcomp\sampleclrcomp\x64\debug\sampleclrcomp.tlog\cl.read.1.tlog
c:\users\ankasani\source\repos\sampleclrcomp\sampleclrcomp\x64\debug\sampleclrcomp.tlog\cl.write.1.tlog
c:\users\ankasani\source\repos\sampleclrcomp\sampleclrcomp\x64\debug\sampleclrcomp.tlog\copylocal.read.1u.tlog
c:\users\ankasani\source\repos\sampleclrcomp\sampleclrcomp\x64\debug\sampleclrcomp.tlog\copylocal.write.1u.tlog
c:\users\ankasani\source\repos\sampleclrcomp\sampleclrcomp\x64\debug\sampleclrcomp.tlog\link.command.1.tlog
c:\users\ankasani\source\repos\sampleclrcomp\sampleclrcomp\x64\debug\sampleclrcomp.tlog\link.read.1.tlog
c:\users\ankasani\source\repos\sampleclrcomp\sampleclrcomp\x64\debug\sampleclrcomp.tlog\link.secondary.1.tlog
c:\users\ankasani\source\repos\sampleclrcomp\sampleclrcomp\x64\debug\sampleclrcomp.tlog\link.write.1.tlog
c:\users\ankasani\source\repos\sampleclrcomp\sampleclrcomp\x64\debug\sampleclrcomp.tlog\rc.command.1.tlog
c:\users\ankasani\source\repos\sampleclrcomp\sampleclrcomp\x64\debug\sampleclrcomp.tlog\rc.read.1.tlog
c:\users\ankasani\source\repos\sampleclrcomp\sampleclrcomp\x64\debug\sampleclrcomp.tlog\rc.write.1.tlog
